2026-05-27T02:17:00Z INF Thank you for trying Cloudflare Tunnel. Doing so, without a Cloudflare account, is a quick way to experiment and try it out. However, be aware that these account-less Tunnels have no uptime guarantee, are subject to the Cloudflare Online Services Terms of Use (https://www.cloudflare.com/website-terms/), and Cloudflare reserves the right to investigate your use of Tunnels for violations of such terms. If you intend to use Tunnels in production you should use a pre-created named tunnel by following: https://developers.cloudflare.com/cloudflare-one/connections/connect-apps
2026-05-27T02:17:00Z INF Requesting new quick Tunnel on trycloudflare.com...
2026-05-27T02:17:04Z INF +--------------------------------------------------------------------------------------------+
2026-05-27T02:17:04Z INF |  Your quick Tunnel has been created! Visit it at (it may take some time to be reachable):  |
2026-05-27T02:17:04Z INF |  https://algorithm-hand-guru-karma.trycloudflare.com                                       |
2026-05-27T02:17:04Z INF +--------------------------------------------------------------------------------------------+
2026-05-27T02:17:04Z INF Cannot determine default configuration path. No file [config.yml config.yaml] in [~/.cloudflared ~/.cloudflare-warp ~/cloudflare-warp /etc/cloudflared /usr/local/etc/cloudflared]
2026-05-27T02:17:04Z INF Version 2026.5.1 (Checksum 086dd6628a3608eba7327af1092abcc52b10994524112ae49bf356ec49bef8c4)
2026-05-27T02:17:04Z INF GOOS: darwin, GOVersion: go1.26.2, GoArch: arm64
2026-05-27T02:17:04Z INF Settings: map[ha-connections:1 p:http2 protocol:http2 url:http://localhost:3000]
2026-05-27T02:17:04Z INF Autoupdate frequency is set autoupdateFreq=86400000
2026-05-27T02:17:14Z ERR Failed to fetch features, default to disable error="lookup cfd-features.argotunnel.com on 192.168.31.1:53: dial udp 192.168.31.1:53: i/o timeout"
2026-05-27T02:17:14Z INF Generated Connector ID: 70b40db6-ce53-4974-8864-b14933f3aa75
2026-05-27T02:17:34Z WRN Unable to lookup protocol percentage.
2026-05-27T02:17:34Z INF Initial protocol http2
2026-05-27T02:17:34Z INF ICMP proxy will use 192.168.31.254 as source for IPv4
2026-05-27T02:17:34Z INF ICMP proxy will use fe80::88d:2ef0:fbf3:115f in zone en0 as source for IPv6
2026-05-27T02:17:34Z INF Created ICMP proxy listening on 192.168.31.254:0
2026-05-27T02:17:34Z INF ICMP proxy will use 192.168.31.254 as source for IPv4
2026-05-27T02:17:34Z INF ICMP proxy will use fe80::88d:2ef0:fbf3:115f in zone en0 as source for IPv6
2026-05-27T02:17:34Z INF Starting metrics server on 127.0.0.1:20241/metrics
2026-05-27T02:17:34Z INF Tunnel connection curve preferences: [X25519MLKEM768 CurveID(65074) CurveP256] connIndex=0 event=0 ip=2606:4700:a8::8
--- CONNECTIVITY PRE-CHECKS ----------------------------------------------------
COMPONENT         TARGET                     STATUS  DETAILS
DNS Resolution    region1.v2.argotunnel.com  PASS    DNS Resolved successfully
DNS Resolution    region2.v2.argotunnel.com  PASS    DNS Resolved successfully
UDP Connectivity  region1.v2.argotunnel.com  PASS    QUIC connection successful
UDP Connectivity  region2.v2.argotunnel.com  FAIL    QUIC connection failed
TCP Connectivity  region1.v2.argotunnel.com  PASS    HTTP/2 connection successful
TCP Connectivity  region2.v2.argotunnel.com  FAIL    HTTP/2 connection is blocked or unreachable
Cloudflare API    api.cloudflare.com:443     PASS    API is reachable
ERROR: Allow outbound QUIC traffic on port 7844 or use HTTP2.
ERROR: Allow outbound TCP on port 7844.

SUMMARY: Environment has critical failures. cloudflared may not be able to establish a tunnel.
--------------------------------------------------------------------------------

2026-05-27T02:17:44Z INF precheck component="DNS Resolution" details="DNS Resolved successfully" run_id=0291bd94-7495-493d-a636-0e90efee4de2 status=pass target=region1.v2.argotunnel.com
2026-05-27T02:17:44Z INF precheck component="DNS Resolution" details="DNS Resolved successfully" run_id=0291bd94-7495-493d-a636-0e90efee4de2 status=pass target=region2.v2.argotunnel.com
2026-05-27T02:17:44Z INF precheck component="UDP Connectivity" details="QUIC connection successful" run_id=0291bd94-7495-493d-a636-0e90efee4de2 status=pass target=region1.v2.argotunnel.com
2026-05-27T02:17:44Z INF precheck component="UDP Connectivity" details="QUIC connection failed" run_id=0291bd94-7495-493d-a636-0e90efee4de2 status=fail target=region2.v2.argotunnel.com
2026-05-27T02:17:44Z INF precheck component="TCP Connectivity" details="HTTP/2 connection successful" run_id=0291bd94-7495-493d-a636-0e90efee4de2 status=pass target=region1.v2.argotunnel.com
2026-05-27T02:17:44Z INF precheck component="TCP Connectivity" details="HTTP/2 connection is blocked or unreachable" run_id=0291bd94-7495-493d-a636-0e90efee4de2 status=fail target=region2.v2.argotunnel.com
2026-05-27T02:17:44Z INF precheck component="Cloudflare API" details="API is reachable" run_id=0291bd94-7495-493d-a636-0e90efee4de2 status=pass target=api.cloudflare.com:443
2026-05-27T02:17:44Z INF precheck complete hard_fail=true run_id=0291bd94-7495-493d-a636-0e90efee4de2
2026-05-27T02:17:49Z ERR Unable to establish connection with Cloudflare edge error="DialContext error: dial tcp [2606:4700:a8::8]:7844: i/o timeout" connIndex=0 event=0 ip=2606:4700:a8::8
2026-05-27T02:17:49Z ERR Serve tunnel error error="DialContext error: dial tcp [2606:4700:a8::8]:7844: i/o timeout" connIndex=0 event=0 ip=2606:4700:a8::8
2026-05-27T02:17:49Z INF Retrying connection in up to 2s connIndex=0 event=0 ip=2606:4700:a8::8
2026-05-27T02:17:51Z INF Tunnel connection curve preferences: [X25519MLKEM768 CurveID(65074) CurveP256] connIndex=0 event=0 ip=2606:4700:a0::7
2026-05-27T02:18:06Z ERR Unable to establish connection with Cloudflare edge error="DialContext error: dial tcp [2606:4700:a0::7]:7844: i/o timeout" connIndex=0 event=0 ip=2606:4700:a0::7
2026-05-27T02:18:06Z ERR Serve tunnel error error="DialContext error: dial tcp [2606:4700:a0::7]:7844: i/o timeout" connIndex=0 event=0 ip=2606:4700:a0::7
2026-05-27T02:18:06Z INF Retrying connection in up to 4s connIndex=0 event=0 ip=2606:4700:a0::7
2026-05-27T02:18:07Z INF Tunnel connection curve preferences: [X25519MLKEM768 CurveID(65074) CurveP256] connIndex=0 event=0 ip=198.41.192.107
2026-05-27T02:18:08Z INF Registered tunnel connection connIndex=0 connection=878ba21e-1313-478e-a9b3-056fe1199be7 event=0 ip=198.41.192.107 location=lax05 protocol=http2
2026-05-27T02:18:24Z INF Initiating graceful shutdown due to signal terminated ...
