2026-05-27T02:15:25Z INF Thank you for trying Cloudflare Tunnel. Doing so, without a Cloudflare account, is a quick way to experiment and try it out. However, be aware that these account-less Tunnels have no uptime guarantee, are subject to the Cloudflare Online Services Terms of Use (https://www.cloudflare.com/website-terms/), and Cloudflare reserves the right to investigate your use of Tunnels for violations of such terms. If you intend to use Tunnels in production you should use a pre-created named tunnel by following: https://developers.cloudflare.com/cloudflare-one/connections/connect-apps
2026-05-27T02:15:25Z INF Requesting new quick Tunnel on trycloudflare.com...
2026-05-27T02:15:30Z INF +--------------------------------------------------------------------------------------------+
2026-05-27T02:15:30Z INF |  Your quick Tunnel has been created! Visit it at (it may take some time to be reachable):  |
2026-05-27T02:15:30Z INF |  https://circulation-mia-harper-hopefully.trycloudflare.com                                |
2026-05-27T02:15:30Z INF +--------------------------------------------------------------------------------------------+
2026-05-27T02:15:30Z INF Cannot determine default configuration path. No file [config.yml config.yaml] in [~/.cloudflared ~/.cloudflare-warp ~/cloudflare-warp /etc/cloudflared /usr/local/etc/cloudflared]
2026-05-27T02:15:30Z INF Version 2026.5.1 (Checksum 086dd6628a3608eba7327af1092abcc52b10994524112ae49bf356ec49bef8c4)
2026-05-27T02:15:30Z INF GOOS: darwin, GOVersion: go1.26.2, GoArch: arm64
2026-05-27T02:15:30Z INF Settings: map[ha-connections:1 protocol:quic url:http://localhost:3000]
2026-05-27T02:15:30Z INF Autoupdate frequency is set autoupdateFreq=86400000
2026-05-27T02:15:40Z ERR Failed to fetch features, default to disable error="lookup cfd-features.argotunnel.com on 192.168.31.1:53: dial udp 192.168.31.1:53: i/o timeout"
2026-05-27T02:15:40Z INF Generated Connector ID: eef1d153-670e-4282-b4a2-70c74470aec7
2026-05-27T02:16:00Z WRN Unable to lookup protocol percentage.
2026-05-27T02:16:00Z INF Initial protocol quic
2026-05-27T02:16:00Z INF ICMP proxy will use 192.168.31.254 as source for IPv4
2026-05-27T02:16:00Z INF ICMP proxy will use fe80::88d:2ef0:fbf3:115f in zone en0 as source for IPv6
2026-05-27T02:16:00Z INF Created ICMP proxy listening on 192.168.31.254:0
2026-05-27T02:16:00Z INF ICMP proxy will use 192.168.31.254 as source for IPv4
2026-05-27T02:16:00Z INF ICMP proxy will use fe80::88d:2ef0:fbf3:115f in zone en0 as source for IPv6
2026-05-27T02:16:00Z INF Starting metrics server on 127.0.0.1:20241/metrics
2026-05-27T02:16:00Z INF Tunnel connection curve preferences: [X25519MLKEM768 CurveID(65074) CurveP256] connIndex=0 event=0 ip=2606:4700:a0::7
2026-05-27T02:16:05Z ERR Failed to dial a quic connection error="failed to dial to edge with quic: timeout: no recent network activity" connIndex=0 event=0 ip=2606:4700:a0::7
2026-05-27T02:16:05Z INF Retrying connection in up to 2s connIndex=0 event=0 ip=2606:4700:a0::7
2026-05-27T02:16:06Z INF Tunnel connection curve preferences: [X25519MLKEM768 CurveID(65074) CurveP256] connIndex=0 event=0 ip=2606:4700:a8::4
--- CONNECTIVITY PRE-CHECKS ----------------------------------------------------
COMPONENT         TARGET                     STATUS  DETAILS
DNS Resolution    region1.v2.argotunnel.com  PASS    DNS Resolved successfully
DNS Resolution    region2.v2.argotunnel.com  PASS    DNS Resolved successfully
UDP Connectivity  region1.v2.argotunnel.com  PASS    QUIC connection successful
UDP Connectivity  region2.v2.argotunnel.com  FAIL    QUIC connection failed
TCP Connectivity  region1.v2.argotunnel.com  PASS    HTTP/2 connection successful
TCP Connectivity  region2.v2.argotunnel.com  FAIL    HTTP/2 connection is blocked or unreachable
Cloudflare API    api.cloudflare.com:443     PASS    API is reachable
ERROR: Allow outbound QUIC traffic on port 7844 or use HTTP2.
ERROR: Allow outbound TCP on port 7844.

SUMMARY: Environment has critical failures. cloudflared may not be able to establish a tunnel.
--------------------------------------------------------------------------------

2026-05-27T02:16:10Z INF precheck component="DNS Resolution" details="DNS Resolved successfully" run_id=ed18c59c-85ff-4030-b17a-b5ecabe0f365 status=pass target=region1.v2.argotunnel.com
2026-05-27T02:16:10Z INF precheck component="DNS Resolution" details="DNS Resolved successfully" run_id=ed18c59c-85ff-4030-b17a-b5ecabe0f365 status=pass target=region2.v2.argotunnel.com
2026-05-27T02:16:10Z INF precheck component="UDP Connectivity" details="QUIC connection successful" run_id=ed18c59c-85ff-4030-b17a-b5ecabe0f365 status=pass target=region1.v2.argotunnel.com
2026-05-27T02:16:10Z INF precheck component="UDP Connectivity" details="QUIC connection failed" run_id=ed18c59c-85ff-4030-b17a-b5ecabe0f365 status=fail target=region2.v2.argotunnel.com
2026-05-27T02:16:10Z INF precheck component="TCP Connectivity" details="HTTP/2 connection successful" run_id=ed18c59c-85ff-4030-b17a-b5ecabe0f365 status=pass target=region1.v2.argotunnel.com
2026-05-27T02:16:10Z INF precheck component="TCP Connectivity" details="HTTP/2 connection is blocked or unreachable" run_id=ed18c59c-85ff-4030-b17a-b5ecabe0f365 status=fail target=region2.v2.argotunnel.com
2026-05-27T02:16:10Z INF precheck component="Cloudflare API" details="API is reachable" run_id=ed18c59c-85ff-4030-b17a-b5ecabe0f365 status=pass target=api.cloudflare.com:443
2026-05-27T02:16:10Z INF precheck complete hard_fail=true run_id=ed18c59c-85ff-4030-b17a-b5ecabe0f365
2026-05-27T02:16:11Z ERR Failed to dial a quic connection error="failed to dial to edge with quic: timeout: no recent network activity" connIndex=0 event=0 ip=2606:4700:a8::4
2026-05-27T02:16:11Z INF Retrying connection in up to 4s connIndex=0 event=0 ip=2606:4700:a8::4
2026-05-27T02:16:14Z INF Tunnel connection curve preferences: [X25519MLKEM768 CurveID(65074) CurveP256] connIndex=0 event=0 ip=198.41.200.193
2026-05-27T02:16:19Z ERR Failed to dial a quic connection error="failed to dial to edge with quic: timeout: no recent network activity" connIndex=0 event=0 ip=198.41.200.193
2026-05-27T02:16:19Z INF Retrying connection in up to 8s connIndex=0 event=0 ip=198.41.200.193
2026-05-27T02:16:23Z INF Tunnel connection curve preferences: [X25519MLKEM768 CurveID(65074) CurveP256] connIndex=0 event=0 ip=2606:4700:a8::3
2026-05-27T02:16:28Z ERR Failed to dial a quic connection error="failed to dial to edge with quic: timeout: no recent network activity" connIndex=0 event=0 ip=2606:4700:a8::3
2026-05-27T02:16:28Z INF Retrying connection in up to 16s connIndex=0 event=0 ip=2606:4700:a8::3
2026-05-27T02:16:30Z INF Tunnel connection curve preferences: [X25519MLKEM768 CurveID(65074) CurveP256] connIndex=0 event=0 ip=198.41.200.53
2026-05-27T02:16:31Z INF Registered tunnel connection connIndex=0 connection=4972f44e-5f27-4fb2-ad73-25a3bf9e57a4 event=0 ip=198.41.200.53 location=lax01 protocol=quic
2026-05-27T02:16:57Z INF Initiating graceful shutdown due to signal terminated ...
